Arguments: 
  C:\Program Files\nodejs\node.exe C:\Program Files (x86)\Yarn\bin\yarn.js publish

PATH: 
  C:\ProgramData\Oracle\Java\javapath;C:\Python27\;C:\Python27\Scripts;C:\Windows\system32;C:\Windows;C:\Windows\System32\Wbem;C:\Windows\System32\WindowsPowerShell\v1.0\;C:\Program Files (x86)\Skype\Phone\;C:\ProgramData\chocolatey\bin;C:\Program Files\Microsoft SQL Server\110\DTS\Binn\;C:\Program Files (x86)\Microsoft SQL Server\110\Tools\Binn\;C:\Program Files\Microsoft SQL Server\110\Tools\Binn\;C:\Program Files (x86)\Microsoft SQL Server\110\Tools\Binn\ManagementStudio\;C:\Program Files (x86)\Microsoft Visual Studio 10.0\Common7\IDE\PrivateAssemblies\;C:\Program Files (x86)\Microsoft SQL Server\110\DTS\Binn\;C:\Users\tinh.ngo\.dnx\bin;C:\Program Files\Microsoft DNX\Dnvm\;C:\Program Files\Microsoft SQL Server\120\Tools\Binn\;C:\Program Files\Microsoft SQL Server\130\Tools\Binn\;C:\Program Files\dotnet\;C:\Program Files (x86)\Yarn\bin\;D:\Android\sdk\tools;D:\Android\sdk\tools\bin;D:\Android\sdk\platform-tools;C:\Program Files\Microsoft VS Code\bin;C:\Program Files\nodejs\;C:\MinGW\bin;C:\Program Files\Git\cmd;C:\Program Files (x86)\Microsoft SQL Server\90\Tools\binn\;C:\Windows\Microsoft.NET\Framework\v4.0.30319;C:\Users\tinh.ngo\AppData\Local\Microsoft\WindowsApps;C:\Program Files\Microsoft VS Code\bin;C:\Users\tinh.ngo\AppData\Local\atom\bin;C:\Users\tinh.ngo\AppData\Local\Yarn\bin;C:\Users\tinh.ngo\AppData\Roaming\npm;C:\MinGW\bin;C:\Windows\Microsoft.NET\Framework\v4.0.30319;

Yarn version: 
  1.7.0

Node version: 
  8.11.3

Platform: 
  win32 x64

Trace: 
  Error: canceled
      at Interface.<anonymous> (C:\Program Files (x86)\Yarn\lib\cli.js:131036:13)
      at emitNone (events.js:106:13)
      at Interface.emit (events.js:208:7)
      at Interface._ttyWrite (readline.js:774:16)
      at ReadStream.onkeypress (readline.js:158:10)
      at emitTwo (events.js:126:13)
      at ReadStream.emit (events.js:214:7)
      at emitKeys (internal/readline.js:420:14)
      at emitKeys.next (<anonymous>)
      at ReadStream.onData (readline.js:1010:36)

npm manifest: 
  {
    "name": "rn-redux",
    "version": "0.1.0",
    "license": "MIT",
    "author": {
      "name": "Tinh Ngo",
      "url": "https://github.com/jundat95/rn-redux-cli.git"
    },
    "description": "React Native CLI tools",
    "keywords": [
      "react-native",
      "react-native-tools",
      "base-project",
      "react-native-cli",
      "node-cli"
    ],
    "main": "index.js",
    "engines": {
      "node": ">=4"
    },
    "repository": {
      "type": "git",
      "url": "https://github.com/jundat95/rn-redux-cli.git"
    },
    "scripts": {
      "test": "mocha"
    },
    "bin": {
      "rn-redux": "index.js"
    },
    "dependencies": {
      "chalk": "^1.1.1",
      "copy-dir": "^0.4.0",
      "figlet": "^1.2.0",
      "inquirer": "^6.1.0",
      "minimist": "^1.2.0",
      "prompt": "^0.2.14",
      "semver": "^5.0.3",
      "vnrm": "0.0.11"
    }
  }

yarn manifest: 
  No manifest

Lockfile: 
  No lockfile
